{
  "RSpec": {
    "coverage": {
      "/var/www/html/rails/chess_online/app/models/user.rb": [
        1,
        null,
        1,
        null,
        null,
        1,
        0,
        0,
        0,
        0,
        0,
        0,
        0,
        null,
        null,
        null
      ],
      "/var/www/html/rails/chess_online/app/models/application_record.rb": [
        1,
        1,
        null
      ],
      "/var/www/html/rails/chess_online/app/helpers/application_helper.rb": [
        1,
        null
      ],
      "/var/www/html/rails/chess_online/app/helpers/game_helper.rb": [
        1,
        null
      ],
      "/var/www/html/rails/chess_online/app/helpers/users_helper.rb": [
        1,
        null
      ],
      "/var/www/html/rails/chess_online/app/helpers/users/omniauth_callbacks_helper.rb": [
        1,
        null
      ],
      "/var/www/html/rails/chess_online/app/helpers/welcome_helper.rb": [
        1,
        null
      ],
      "/var/www/html/rails/chess_online/app/controllers/game_controller.rb": [
        1,
        1,
        1,
        1,
        null,
        1,
        null,
        1,
        1,
        null,
        null,
        1,
        null,
        null
      ],
      "/var/www/html/rails/chess_online/app/controllers/application_controller.rb": [
        1,
        1,
        null,
        1,
        null,
        1,
        0,
        0,
        null,
        null
      ],
      "/var/www/html/rails/chess_online/lib/chess_game/chess.rb": [
        null,
        1,
        1,
        7,
        1,
        1,
        1,
        null,
        1,
        1,
        1,
        null,
        null,
        1,
        null,
        1,
        1,
        1,
        null,
        1,
        null,
        null,
        null,
        null,
        null,
        null,
        1,
        1,
        null,
        null,
        null,
        null
      ],
      "/var/www/html/rails/chess_online/lib/chess_game/modules/chess_game_helper.rb": [
        1,
        1,
        1,
        null,
        1,
        1,
        1,
        1,
        null,
        1,
        1,
        1,
        null,
        1,
        8,
        8,
        4,
        null,
        32,
        32,
        null,
        null,
        32,
        null,
        null,
        null,
        null,
        32,
        32,
        32,
        null,
        null,
        4,
        null,
        null,
        null,
        1,
        null,
        null,
        1,
        1,
        1,
        1,
        1,
        null,
        1,
        16,
        16,
        null,
        null,
        null,
        null,
        1,
        null,
        null,
        1,
        null,
        16,
        null,
        16,
        null,
        null,
        1,
        16,
        null,
        2,
        null,
        2,
        null,
        2,
        null,
        1,
        null,
        1,
        null,
        8,
        null,
        0,
        null,
        null,
        null,
        null
      ],
      "/var/www/html/rails/chess_online/lib/chess_game/modules/basic_piece.rb": [
        1,
        null,
        1,
        16,
        16,
        16,
        16,
        16,
        16,
        16,
        16,
        16,
        null,
        null,
        1,
        0,
        null,
        null,
        1,
        8,
        4,
        null,
        null,
        null,
        null,
        null,
        4,
        4,
        null,
        null,
        null,
        null,
        null,
        null,
        null,
        8,
        32,
        32,
        32,
        null,
        96,
        32,
        32,
        32,
        18,
        0,
        18,
        0,
        0,
        null,
        18,
        null,
        null,
        14,
        null,
        null,
        32,
        null,
        null,
        null,
        8,
        null,
        null,
        1,
        22,
        20,
        20,
        null,
        null
      ],
      "/var/www/html/rails/chess_online/lib/chess_game/figures/queen_piece.rb": [
        1,
        1,
        null,
        1,
        null,
        1,
        null,
        null,
        null,
        null,
        null,
        null,
        1,
        null,
        null,
        null,
        null,
        null,
        null,
        null,
        null
      ],
      "/var/www/html/rails/chess_online/lib/chess_game/figures/king_piece.rb": [
        1,
        1,
        1,
        null,
        1,
        null,
        null,
        null,
        null,
        null,
        null,
        1,
        null,
        null,
        null,
        null,
        null,
        null,
        null
      ],
      "/var/www/html/rails/chess_online/lib/chess_game/figures/knight_piece.rb": [
        1,
        1,
        2,
        null,
        2,
        null,
        null,
        null,
        null,
        null,
        null,
        2,
        16,
        16,
        16,
        null,
        48,
        16,
        16,
        null,
        16,
        6,
        4,
        2,
        0,
        null,
        null,
        16,
        null,
        null,
        2,
        null,
        null
      ],
      "/var/www/html/rails/chess_online/lib/chess_game/figures/rook_piece.rb": [
        1,
        1,
        null,
        null,
        2,
        2,
        null,
        null,
        null,
        null,
        null,
        null,
        null,
        null
      ],
      "/var/www/html/rails/chess_online/lib/chess_game/figures/bishop_piece.rb": [
        1,
        1,
        2,
        null,
        2,
        null,
        null,
        null,
        null,
        null,
        null,
        null
      ],
      "/var/www/html/rails/chess_online/lib/chess_game/figures/pawn_piece.rb": [
        1,
        1,
        null,
        8,
        8,
        8,
        8,
        8,
        null,
        32,
        16,
        16,
        null,
        16,
        15,
        null,
        null,
        16,
        8,
        8,
        16,
        2,
        2,
        null,
        null,
        null,
        null,
        null,
        16,
        null,
        8,
        null,
        null
      ],
      "/var/www/html/rails/chess_online/app/controllers/users_controller.rb": [
        1,
        1,
        null,
        null,
        null,
        1,
        0,
        null,
        null,
        null,
        null,
        1,
        null,
        null,
        null,
        1,
        0,
        null,
        null,
        null,
        1,
        null,
        null,
        null,
        null,
        1,
        0,
        null,
        0,
        0,
        0,
        0,
        null,
        0,
        0,
        null,
        null,
        null,
        null,
        null,
        null,
        1,
        0,
        0,
        0,
        0,
        null,
        0,
        0,
        null,
        null,
        null,
        null,
        1,
        0,
        0,
        null,
        null,
        null,
        null,
        null,
        1,
        0,
        0,
        0,
        0,
        null,
        null,
        null,
        1,
        1,
        0,
        null,
        null,
        1,
        0,
        null,
        null
      ],
      "/var/www/html/rails/chess_online/app/controllers/welcome_controller.rb": [
        1,
        1,
        null,
        null
      ],
      "/var/www/html/rails/chess_online/app/channels/application_cable/channel.rb": [
        0,
        0,
        0,
        0
      ],
      "/var/www/html/rails/chess_online/app/channels/application_cable/connection.rb": [
        0,
        0,
        0,
        0
      ],
      "/var/www/html/rails/chess_online/app/mailers/application_mailer.rb": [
        0,
        0,
        0,
        0
      ],
      "/var/www/html/rails/chess_online/app/controllers/users/omniauth_callbacks_controller.rb": [
        0,
        null,
        0,
        0,
        0,
        0,
        0,
        0,
        0,
        null,
        0,
        0,
        0,
        0,
        0,
        0,
        0,
        null,
        0,
        0
      ],
      "/var/www/html/rails/chess_online/app/jobs/application_job.rb": [
        0,
        0
      ]
    },
    "timestamp": 1545160127
  }
}
