{
  "RSpec": {
    "coverage": {
      "/var/www/html/rails/chess_online/app/models/user.rb": [
        1,
        null,
        1,
        null,
        null,
        1,
        0,
        0,
        0,
        0,
        0,
        0,
        0,
        null,
        null,
        null
      ],
      "/var/www/html/rails/chess_online/app/models/application_record.rb": [
        1,
        1,
        null
      ],
      "/var/www/html/rails/chess_online/app/helpers/application_helper.rb": [
        1,
        null
      ],
      "/var/www/html/rails/chess_online/app/helpers/users_helper.rb": [
        1,
        null
      ],
      "/var/www/html/rails/chess_online/app/helpers/users/omniauth_callbacks_helper.rb": [
        1,
        null
      ],
      "/var/www/html/rails/chess_online/app/controllers/users_controller.rb": [
        1,
        1,
        null,
        null,
        null,
        1,
        0,
        null,
        null,
        null,
        null,
        1,
        null,
        null,
        null,
        1,
        0,
        null,
        null,
        null,
        1,
        null,
        null,
        null,
        null,
        1,
        0,
        0,
        null,
        0,
        0,
        0,
        0,
        null,
        0,
        0,
        0,
        null,
        null,
        null,
        null,
        null,
        null,
        1,
        0,
        0,
        0,
        0,
        null,
        0,
        0,
        null,
        null,
        null,
        null,
        null,
        null,
        1,
        0,
        0,
        0,
        0,
        null,
        null,
        null,
        1,
        null,
        1,
        0,
        null,
        null,
        null,
        1,
        0,
        0,
        null,
        0,
        0,
        null,
        null
      ],
      "/var/www/html/rails/chess_online/app/controllers/application_controller.rb": [
        1,
        1,
        null,
        1,
        null,
        1,
        0,
        0,
        null,
        null
      ],
      "/var/www/html/rails/chess_online/app/channels/application_cable/channel.rb": [
        0,
        0,
        0,
        0
      ],
      "/var/www/html/rails/chess_online/app/channels/application_cable/connection.rb": [
        0,
        0,
        0,
        0
      ],
      "/var/www/html/rails/chess_online/app/mailers/application_mailer.rb": [
        0,
        0,
        0,
        0
      ],
      "/var/www/html/rails/chess_online/app/controllers/users/omniauth_callbacks_controller.rb": [
        0,
        null,
        0,
        0,
        0,
        0,
        0,
        0,
        0,
        null,
        0,
        0,
        0,
        0,
        0,
        0,
        0,
        null,
        0,
        0
      ],
      "/var/www/html/rails/chess_online/app/jobs/application_job.rb": [
        0,
        0
      ]
    },
    "timestamp": 1544720885
  }
}
